created virtual environment CPython3.11.5.final.0-64 in 28603ms
  creator CPython3Posix(dest=/localscratch/ojus001.48825042.0/env, clear=False, no_vcs_ignore=False, global=False)
  seeder FromAppData(download=False, pip=bundle, setuptools=bundle, wheel=bundle, via=copy, app_data_dir=/home/ojus001/.local/share/virtualenv)
    added seed packages: pip==24.0+computecanada, setuptools==69.5.1+computecanada, wheel==0.43.0
  activators BashActivator,CShellActivator,FishActivator,NushellActivator,PowerShellActivator,PythonActivator
Looking in links: /cvmfs/soft.computecanada.ca/custom/python/wheelhouse/gentoo2023/x86-64-v4, /cvmfs/soft.computecanada.ca/custom/python/wheelhouse/gentoo2023/x86-64-v3, /cvmfs/soft.computecanada.ca/custom/python/wheelhouse/gentoo2023/generic, /cvmfs/soft.computecanada.ca/custom/python/wheelhouse/generic
Processing /cvmfs/soft.computecanada.ca/custom/python/wheelhouse/gentoo2023/x86-64-v3/matplotlib-3.9.0+computecanada-cp311-cp311-linux_x86_64.whl (from -r requirements.txt (line 1))
Processing /cvmfs/soft.computecanada.ca/custom/python/wheelhouse/gentoo2023/x86-64-v3/torch-2.3.0+computecanada-cp311-cp311-linux_x86_64.whl (from -r requirements.txt (line 2))
Processing /cvmfs/soft.computecanada.ca/custom/python/wheelhouse/gentoo2023/generic/torchvision-0.18.0+computecanada-cp311-cp311-linux_x86_64.whl (from -r requirements.txt (line 3))
Processing /cvmfs/soft.computecanada.ca/custom/python/wheelhouse/gentoo2023/generic/contourpy-1.2.1+computecanada-cp311-cp311-linux_x86_64.whl (from matplotlib->-r requirements.txt (line 1))
Processing /cvmfs/soft.computecanada.ca/custom/python/wheelhouse/generic/cycler-0.12.1+computecanada-py3-none-any.whl (from matplotlib->-r requirements.txt (line 1))
Processing /cvmfs/soft.computecanada.ca/custom/python/wheelhouse/generic/fonttools-4.53.0+computecanada-cp311-cp311-linux_x86_64.whl (from matplotlib->-r requirements.txt (line 1))
Processing /cvmfs/soft.computecanada.ca/custom/python/wheelhouse/gentoo2023/x86-64-v3/kiwisolver-1.4.5+computecanada-cp311-cp311-linux_x86_64.whl (from matplotlib->-r requirements.txt (line 1))
Processing /cvmfs/soft.computecanada.ca/custom/python/wheelhouse/gentoo2023/generic/numpy-1.26.4+computecanada-cp311-cp311-linux_x86_64.whl (from matplotlib->-r requirements.txt (line 1))
Processing /cvmfs/soft.computecanada.ca/custom/python/wheelhouse/generic/packaging-24.1+computecanada-py3-none-any.whl (from matplotlib->-r requirements.txt (line 1))
Processing /cvmfs/soft.computecanada.ca/custom/python/wheelhouse/gentoo2023/x86-64-v3/pillow-10.3.0+computecanada-cp311-cp311-linux_x86_64.whl (from matplotlib->-r requirements.txt (line 1))
Processing /cvmfs/soft.computecanada.ca/custom/python/wheelhouse/generic/pyparsing-3.1.2+computecanada-py3-none-any.whl (from matplotlib->-r requirements.txt (line 1))
Processing /cvmfs/soft.computecanada.ca/custom/python/wheelhouse/generic/python_dateutil-2.9.0.post0+computecanada-py2.py3-none-any.whl (from matplotlib->-r requirements.txt (line 1))
Processing /cvmfs/soft.computecanada.ca/custom/python/wheelhouse/generic/filelock-3.13.1+computecanada-py3-none-any.whl (from torch->-r requirements.txt (line 2))
Processing /cvmfs/soft.computecanada.ca/custom/python/wheelhouse/generic/typing_extensions-4.12.2+computecanada-py3-none-any.whl (from torch->-r requirements.txt (line 2))
Processing /cvmfs/soft.computecanada.ca/custom/python/wheelhouse/generic/sympy-1.12.1+computecanada-py3-none-any.whl (from torch->-r requirements.txt (line 2))
Processing /cvmfs/soft.computecanada.ca/custom/python/wheelhouse/generic/networkx-3.3+computecanada-py3-none-any.whl (from torch->-r requirements.txt (line 2))
Processing /cvmfs/soft.computecanada.ca/custom/python/wheelhouse/generic/jinja2-3.1.4+computecanada-py3-none-any.whl (from torch->-r requirements.txt (line 2))
Processing /cvmfs/soft.computecanada.ca/custom/python/wheelhouse/generic/fsspec-2024.6.1+computecanada-py3-none-any.whl (from torch->-r requirements.txt (line 2))
Processing /cvmfs/soft.computecanada.ca/custom/python/wheelhouse/gentoo2023/x86-64-v3/Pillow_SIMD-9.0.0.post1+computecanada-cp311-cp311-linux_x86_64.whl (from torchvision->-r requirements.txt (line 3))
Processing /cvmfs/soft.computecanada.ca/custom/python/wheelhouse/generic/six-1.16.0+computecanada-py2.py3-none-any.whl (from python-dateutil>=2.7->matplotlib->-r requirements.txt (line 1))
Processing /cvmfs/soft.computecanada.ca/custom/python/wheelhouse/generic/MarkupSafe-2.1.3+computecanada-cp311-cp311-linux_x86_64.whl (from jinja2->torch->-r requirements.txt (line 2))
Processing /cvmfs/soft.computecanada.ca/custom/python/wheelhouse/generic/mpmath-1.3.0+computecanada-py3-none-any.whl (from sympy->torch->-r requirements.txt (line 2))
Installing collected packages: mpmath, typing-extensions, sympy, six, pyparsing, pillow-simd, pillow, packaging, numpy, networkx, MarkupSafe, kiwisolver, fsspec, fonttools, filelock, cycler, python-dateutil, jinja2, contourpy, torch, matplotlib, torchvision
Successfully installed MarkupSafe-2.1.3+computecanada contourpy-1.2.1+computecanada cycler-0.12.1+computecanada filelock-3.13.1+computecanada fonttools-4.53.0+computecanada fsspec-2024.6.1+computecanada jinja2-3.1.4+computecanada kiwisolver-1.4.5+computecanada matplotlib-3.9.0+computecanada mpmath-1.3.0+computecanada networkx-3.3+computecanada numpy-1.26.4+computecanada packaging-24.1+computecanada pillow-10.3.0+computecanada pillow-simd-9.0.0.post1+computecanada pyparsing-3.1.2+computecanada python-dateutil-2.9.0.post0+computecanada six-1.16.0+computecanada sympy-1.12.1+computecanada torch-2.3.0+computecanada torchvision-0.18.0+computecanada typing-extensions-4.12.2+computecanada
starting training...
/localscratch/ojus001.48825042.0/env/lib/python3.11/site-packages/torch/nn/modules/conv.py:456: UserWarning: Plan failed with a cudnnException: CUDNN_BACKEND_EXECUTION_PLAN_DESCRIPTOR: cudnnFinalize Descriptor Failed cudnn_status: CUDNN_STATUS_NOT_SUPPORTED (Triggered internally at /home/coulombc/wheels_builder/tmp.2617/python-3.11/torch/aten/src/ATen/native/cudnn/Conv_v8.cpp:919.)
  return F.conv2d(input, weight, bias, self.stride,
/localscratch/ojus001.48825042.0/env/lib/python3.11/site-packages/torch/autograd/graph.py:744: UserWarning: Plan failed with a cudnnException: CUDNN_BACKEND_EXECUTION_PLAN_DESCRIPTOR: cudnnFinalize Descriptor Failed cudnn_status: CUDNN_STATUS_NOT_SUPPORTED (Triggered internally at /home/coulombc/wheels_builder/tmp.2617/python-3.11/torch/aten/src/ATen/native/cudnn/Conv_v8.cpp:919.)
  return Variable._execution_engine.run_backward(  # Calls into the C++ engine to run the backward pass
Epoch: 1 | D_loss: 0.6665190440505299 | G_loss: 0.7524849698741807
Epoch: 2 | D_loss: 0.6475771749451724 | G_loss: 0.8032105199055377
Epoch: 3 | D_loss: 0.6492390150962862 | G_loss: 0.8099258730152269
Epoch: 4 | D_loss: 0.648378687372594 | G_loss: 0.8188804494800852
Epoch: 5 | D_loss: 0.648755056390376 | G_loss: 0.8199210438901173
Epoch: 6 | D_loss: 0.6503403927725769 | G_loss: 0.8229484706799358
Epoch: 7 | D_loss: 0.6489331923059817 | G_loss: 0.8264053307616634
Epoch: 8 | D_loss: 0.6473233549833806 | G_loss: 0.8303824960550011
Epoch: 9 | D_loss: 0.6443789974967046 | G_loss: 0.837024986743927
Epoch: 10 | D_loss: 0.6418020454551111 | G_loss: 0.8456165810892069
Epoch: 11 | D_loss: 0.6395013017186733 | G_loss: 0.8534581035947495
Epoch: 12 | D_loss: 0.6384451338477226 | G_loss: 0.8547061954988345
Epoch: 13 | D_loss: 0.6375689168474568 | G_loss: 0.8588539713989697
Epoch: 14 | D_loss: 0.6363627484866551 | G_loss: 0.8673303527618522
Epoch: 15 | D_loss: 0.6333126034309615 | G_loss: 0.8762506959534911
Epoch: 16 | D_loss: 0.6317594395771718 | G_loss: 0.8842999444587398
Epoch: 17 | D_loss: 0.6222892779785433 | G_loss: 0.9045816306620519
Epoch: 18 | D_loss: 0.6150895153789886 | G_loss: 0.92343149929921
Epoch: 19 | D_loss: 0.6096671411731859 | G_loss: 0.938334923054872
Epoch: 20 | D_loss: 0.5996798566663697 | G_loss: 0.965106506464578
